Build started 4/5/2011 6:58:26 PM.
     1>Project "C:\Users\Ron\Documents\Visual Studio 2010\Projects\JoystickResearch\JoystickResearch\JoystickResearch.vcxproj" on node 2 (build target(s)).
     1>InitializeBuildStatus:
         Creating "Debug\JoystickResearch.unsuccessfulbuild" because "AlwaysCreate" was specified.
       ClCompile:
         C:\MSVisualStudio2010\VC\bin\CL.exe /c /ZI /nologo /W3 /WX- /Od /Oy- /D WIN32 /D _DEBUG /D _CONSOLE /D _UNICODE /D UNICODE /Gm /EHsc /RTC1 /MDd /GS /fp:precise /Zc:wchar_t /Zc:forScope /Fo"Debug\\" /Fd"Debug\vc100.pdb" /Gd /TP /analyze- /errorReport:prompt Main.cpp
         Main.cpp
       ManifestResourceCompile:
         All outputs are up-to-date.
       Link:
         C:\MSVisualStudio2010\VC\bin\link.exe /ERRORREPORT:PROMPT /OUT:"C:\Users\Ron\Documents\Visual Studio 2010\Projects\JoystickResearch\Debug\JoystickResearch.exe" /INCREMENTAL /NOLOGO dinput8.lib dxguid.lib kernel32.lib user32.lib gdi32.lib winspool.lib comdlg32.lib advapi32.lib shell32.lib ole32.lib oleaut32.lib uuid.lib odbc32.lib odbccp32.lib /MANIFEST /ManifestFile:"Debug\JoystickResearch.exe.intermediate.manifest" /MANIFESTUAC:"level='asInvoker' uiAccess='false'" /DEBUG /PDB:"C:\Users\Ron\Documents\Visual Studio 2010\Projects\JoystickResearch\Debug\JoystickResearch.pdb" /SUBSYSTEM:CONSOLE /TLBID:1 /DYNAMICBASE /NXCOMPAT /IMPLIB:"C:\Users\Ron\Documents\Visual Studio 2010\Projects\JoystickResearch\Debug\JoystickResearch.lib" /MACHINE:X86 Debug\JoystickResearch.exe.embed.manifest.res
         Debug\Joystick.obj
         Debug\Main.obj
       Manifest:
         C:\Program Files (x86)\Microsoft SDKs\Windows\v7.0A\bin\mt.exe /nologo /verbose /out:"Debug\JoystickResearch.exe.embed.manifest" /manifest Debug\JoystickResearch.exe.intermediate.manifest
         All outputs are up-to-date.
       LinkEmbedManifest:
         All outputs are up-to-date.
         JoystickResearch.vcxproj -> C:\Users\Ron\Documents\Visual Studio 2010\Projects\JoystickResearch\Debug\JoystickResearch.exe
       FinalizeBuildStatus:
         Deleting file "Debug\JoystickResearch.unsuccessfulbuild".
         Touching "Debug\JoystickResearch.lastbuildstate".
     1>Done Building Project "C:\Users\Ron\Documents\Visual Studio 2010\Projects\JoystickResearch\JoystickResearch\JoystickResearch.vcxproj" (build target(s)).

Build succeeded.

Time Elapsed 00:00:01.54
