C:\USERS\RON\DOCUMENTS\VISUAL STUDIO 2010\PROJECTS\2CAN-PCDRIVER\2CAN-PCDRIVER\RELEASE\2CAN.OBJ
C:\USERS\RON\DOCUMENTS\VISUAL STUDIO 2010\PROJECTS\2CAN-PCDRIVER\2CAN-PCDRIVER\RELEASE\2CAN-PCDRIVER.EXE.INTERMEDIATE.MANIFEST
C:\USERS\RON\DOCUMENTS\VISUAL STUDIO 2010\PROJECTS\2CAN-PCDRIVER\2CAN-PCDRIVER\RELEASE\JOYSTICK.OBJ
C:\USERS\RON\DOCUMENTS\VISUAL STUDIO 2010\PROJECTS\2CAN-PCDRIVER\2CAN-PCDRIVER\RELEASE\MAIN.OBJ
C:\USERS\RON\DOCUMENTS\VISUAL STUDIO 2010\PROJECTS\2CAN-PCDRIVER\2CAN-PCDRIVER\RELEASE\RXUDPSOCKET.OBJ
C:\USERS\RON\DOCUMENTS\VISUAL STUDIO 2010\PROJECTS\2CAN-PCDRIVER\2CAN-PCDRIVER\RELEASE\TXUDPSOCKET.OBJ
C:\USERS\RON\DOCUMENTS\VISUAL STUDIO 2010\PROJECTS\2CAN-PCDRIVER\2CAN-PCDRIVER\RELEASE\VC100.PDB
C:\USERS\RON\DOCUMENTS\VISUAL STUDIO 2010\PROJECTS\2CAN-PCDRIVER\RELEASE\2CAN-PCDRIVER.EXE
C:\USERS\RON\DOCUMENTS\VISUAL STUDIO 2010\PROJECTS\2CAN-PCDRIVER\RELEASE\2CAN-PCDRIVER.PDB
C:\Users\rossron\Documents\Visual Studio 2010\Projects\2CAN-PCDriver\2CAN-PCDriver\Release\2CAN.obj
C:\Users\rossron\Documents\Visual Studio 2010\Projects\2CAN-PCDriver\2CAN-PCDriver\Release\2CAN-PCDriver.exe.intermediate.manifest
C:\Users\rossron\Documents\Visual Studio 2010\Projects\2CAN-PCDriver\2CAN-PCDriver\Release\cl.command.1.tlog
C:\Users\rossron\Documents\Visual Studio 2010\Projects\2CAN-PCDriver\2CAN-PCDriver\Release\CL.read.1.tlog
C:\Users\rossron\Documents\Visual Studio 2010\Projects\2CAN-PCDriver\2CAN-PCDriver\Release\CL.write.1.tlog
C:\Users\rossron\Documents\Visual Studio 2010\Projects\2CAN-PCDriver\2CAN-PCDriver\Release\Joystick.obj
C:\Users\rossron\Documents\Visual Studio 2010\Projects\2CAN-PCDriver\2CAN-PCDriver\Release\link.command.1.tlog
C:\Users\rossron\Documents\Visual Studio 2010\Projects\2CAN-PCDriver\2CAN-PCDriver\Release\link.read.1.tlog
C:\Users\rossron\Documents\Visual Studio 2010\Projects\2CAN-PCDriver\2CAN-PCDriver\Release\link.write.1.tlog
C:\Users\rossron\Documents\Visual Studio 2010\Projects\2CAN-PCDriver\2CAN-PCDriver\Release\Main.obj
C:\Users\rossron\Documents\Visual Studio 2010\Projects\2CAN-PCDriver\2CAN-PCDriver\Release\mt.command.1.tlog
C:\Users\rossron\Documents\Visual Studio 2010\Projects\2CAN-PCDriver\2CAN-PCDriver\Release\mt.read.1.tlog
C:\Users\rossron\Documents\Visual Studio 2010\Projects\2CAN-PCDriver\2CAN-PCDriver\Release\mt.write.1.tlog
C:\Users\rossron\Documents\Visual Studio 2010\Projects\2CAN-PCDriver\2CAN-PCDriver\Release\RxUDPSocket.obj
C:\Users\rossron\Documents\Visual Studio 2010\Projects\2CAN-PCDriver\2CAN-PCDriver\Release\TxUDPSocket.obj
C:\Users\rossron\Documents\Visual Studio 2010\Projects\2CAN-PCDriver\2CAN-PCDriver\Release\vc100.pdb
C:\Users\rossron\Documents\Visual Studio 2010\Projects\2CAN-PCDriver\Release\2CAN-PCDriver.exe
C:\Users\rossron\Documents\Visual Studio 2010\Projects\2CAN-PCDriver\Release\2CAN-PCDriver.pdb
